2020-12-19T13:46:14+00:00 CRITICAL Uncaught RuntimeException: Unable to claim actions. Database error. in /Applications/XAMPP/xamppfiles/htdocs/awiconcepts/wp-content/plugins/woocommerce/packages/action-scheduler/classes/data-stores/ActionScheduler_DBStore.php:675
Stack trace:
#0 /Applications/XAMPP/xamppfiles/htdocs/awiconcepts/wp-content/plugins/woocommerce/packages/action-scheduler/classes/data-stores/ActionScheduler_DBStore.php(599): ActionScheduler_DBStore->claim_actions(0, 25, NULL, Array, '')
#1 /Applications/XAMPP/xamppfiles/htdocs/awiconcepts/wp-content/plugins/woocommerce/packages/action-scheduler/classes/ActionScheduler_QueueRunner.php(153): ActionScheduler_DBStore->stake_claim(25)
#2 /Applications/XAMPP/xamppfiles/htdocs/awiconcepts/wp-content/plugins/woocommerce/packages/action-scheduler/classes/ActionScheduler_QueueRunner.php(132): ActionScheduler_QueueRunner->do_batch(25, 'WP Cron')
#3 /Applications/XAMPP/xamppfiles/htdocs/awiconcepts/wp-includes/class-wp-hook.php(287): ActionScheduler_QueueRunner->run('WP Cron')
#4 /Application in /Applications/XAMPP/xamppfiles/htdocs/awiconcepts/wp-content/plugins/woocommerce/packages/action-scheduler/classes/data-stores/ActionScheduler_DBStore.php on line 675

2020-12-19T13:46:14+00:00 CRITICAL Uncaught RuntimeException: Unable to claim actions. Database error. in /Applications/XAMPP/xamppfiles/htdocs/awiconcepts/wp-content/plugins/woocommerce/packages/action-scheduler/classes/data-stores/ActionScheduler_DBStore.php:675
Stack trace:
#0 /Applications/XAMPP/xamppfiles/htdocs/awiconcepts/wp-content/plugins/woocommerce/packages/action-scheduler/classes/data-stores/ActionScheduler_DBStore.php(599): ActionScheduler_DBStore->claim_actions(0, 25, NULL, Array, '')
#1 /Applications/XAMPP/xamppfiles/htdocs/awiconcepts/wp-content/plugins/woocommerce/packages/action-scheduler/classes/ActionScheduler_QueueRunner.php(153): ActionScheduler_DBStore->stake_claim(25)
#2 /Applications/XAMPP/xamppfiles/htdocs/awiconcepts/wp-content/plugins/woocommerce/packages/action-scheduler/classes/ActionScheduler_QueueRunner.php(132): ActionScheduler_QueueRunner->do_batch(25, 'WP Cron')
#3 /Applications/XAMPP/xamppfiles/htdocs/awiconcepts/wp-includes/class-wp-hook.php(287): ActionScheduler_QueueRunner->run('WP Cron')
#4 /Application in /Applications/XAMPP/xamppfiles/htdocs/awiconcepts/wp-content/plugins/woocommerce/packages/action-scheduler/classes/data-stores/ActionScheduler_DBStore.php on line 675

2020-12-19T13:46:15+00:00 CRITICAL Uncaught RuntimeException: Unable to claim actions. Database error. in /Applications/XAMPP/xamppfiles/htdocs/awiconcepts/wp-content/plugins/woocommerce/packages/action-scheduler/classes/data-stores/ActionScheduler_DBStore.php:675
Stack trace:
#0 /Applications/XAMPP/xamppfiles/htdocs/awiconcepts/wp-content/plugins/woocommerce/packages/action-scheduler/classes/data-stores/ActionScheduler_DBStore.php(599): ActionScheduler_DBStore->claim_actions(0, 25, NULL, Array, '')
#1 /Applications/XAMPP/xamppfiles/htdocs/awiconcepts/wp-content/plugins/woocommerce/packages/action-scheduler/classes/ActionScheduler_QueueRunner.php(153): ActionScheduler_DBStore->stake_claim(25)
#2 /Applications/XAMPP/xamppfiles/htdocs/awiconcepts/wp-content/plugins/woocommerce/packages/action-scheduler/classes/ActionScheduler_QueueRunner.php(132): ActionScheduler_QueueRunner->do_batch(25, 'WP Cron')
#3 /Applications/XAMPP/xamppfiles/htdocs/awiconcepts/wp-includes/class-wp-hook.php(287): ActionScheduler_QueueRunner->run('WP Cron')
#4 /Application in /Applications/XAMPP/xamppfiles/htdocs/awiconcepts/wp-content/plugins/woocommerce/packages/action-scheduler/classes/data-stores/ActionScheduler_DBStore.php on line 675

